# JRE version: OpenJDK Runtime Environment (Zulu 8.44.0.9-CA-linux64) (8.0_242-b20) (build 1.8.0_242-b20)
# Java VM: OpenJDK 64-Bit Server VM (25.242-b20 mixed mode linux-amd64 compressed oops)
Heap:
 PSYoungGen      total 1070592K, used 923545K [0x000000076d000000, 0x00000007af300000, 0x00000007c0000000)
  eden space 1057792K, 86% used [0x000000076d000000,0x00000007a4e2f820,0x00000007ad900000)
  from space 12800K, 61% used [0x00000007ae680000,0x00000007aee36eb8,0x00000007af300000)
  to   space 13312K, 0% used [0x00000007ad900000,0x00000007ad900000,0x00000007ae600000)
 ParOldGen       total 204288K, used 29687K [0x00000006c7000000, 0x00000006d3780000, 0x000000076d000000)
  object space 204288K, 14% used [0x00000006c7000000,0x00000006c8cfdd50,0x00000006d3780000)
 Metaspace       used 63970K, capacity 65014K, committed 65368K, reserved 1107968K
  class space    used 7448K, capacity 7702K, committed 7808K, reserved 1048576K
GC Heap History (10 events):
Event: 95,203 GC heap before
{Heap before GC invocations=19 (full 2):
 PSYoungGen      total 780288K, used 774703K [0x000000076d000000, 0x000000079dd00000, 0x00000007c0000000)
  eden space 769024K, 100% used [0x000000076d000000,0x000000079bf00000,0x000000079bf00000)
  from space 11264K, 50% used [0x000000079d200000,0x000000079d78bd70,0x000000079dd00000)
  to   space 15360K, 0% used [0x000000079bf00000,0x000000079bf00000,0x000000079ce00000)
 ParOldGen       total 151040K, used 29389K [0x00000006c7000000, 0x00000006d0380000, 0x000000076d000000)
  object space 151040K, 19% used [0x00000006c7000000,0x00000006c8cb3620,0x00000006d0380000)
 Metaspace       used 54117K, capacity 54774K, committed 55000K, reserved 1097728K
  class space    used 6207K, capacity 6360K, committed 6400K, reserved 1048576K
Event: 95,220 GC heap after
Heap after GC invocations=19 (full 2):
 PSYoungGen      total 784384K, used 6837K [0x000000076d000000, 0x00000007a6600000, 0x00000007c0000000)
  eden space 769024K, 0% used [0x000000076d000000,0x000000076d000000,0x000000079bf00000)
  from space 15360K, 44% used [0x000000079bf00000,0x000000079c5ad668,0x000000079ce00000)
  to   space 14848K, 0% used [0x00000007a5780000,0x00000007a5780000,0x00000007a6600000)
 ParOldGen       total 151040K, used 29645K [0x00000006c7000000, 0x00000006d0380000, 0x000000076d000000)
  object space 151040K, 19% used [0x00000006c7000000,0x00000006c8cf3620,0x00000006d0380000)
 Metaspace       used 54117K, capacity 54774K, committed 55000K, reserved 1097728K
  class space    used 6207K, capacity 6360K, committed 6400K, reserved 1048576K
}
Event: 99,257 GC heap before
{Heap before GC invocations=20 (full 2):
 PSYoungGen      total 784384K, used 775861K [0x000000076d000000, 0x00000007a6600000, 0x00000007c0000000)
  eden space 769024K, 100% used [0x000000076d000000,0x000000079bf00000,0x000000079bf00000)
  from space 15360K, 44% used [0x000000079bf00000,0x000000079c5ad668,0x000000079ce00000)
  to   space 14848K, 0% used [0x00000007a5780000,0x00000007a5780000,0x00000007a6600000)
 ParOldGen       total 151040K, used 29645K [0x00000006c7000000, 0x00000006d0380000, 0x000000076d000000)
  object space 151040K, 19% used [0x00000006c7000000,0x00000006c8cf3620,0x00000006d0380000)
 Metaspace       used 56047K, capacity 56694K, committed 56920K, reserved 1099776K
  class space    used 6504K, capacity 6680K, committed 6784K, reserved 1048576K
Event: 99,295 GC heap after
Heap after GC invocations=20 (full 2):
 PSYoungGen      total 919040K, used 7908K [0x000000076d000000, 0x00000007a6280000, 0x00000007c0000000)
  eden space 907776K, 0% used [0x000000076d000000,0x000000076d000000,0x00000007a4680000)
  from space 11264K, 70% used [0x00000007a5780000,0x00000007a5f39200,0x00000007a6280000)
  to   space 14336K, 0% used [0x00000007a4680000,0x00000007a4680000,0x00000007a5480000)
 ParOldGen       total 151040K, used 29653K [0x00000006c7000000, 0x00000006d0380000, 0x000000076d000000)
  object space 151040K, 19% used [0x00000006c7000000,0x00000006c8cf5620,0x00000006d0380000)
 Metaspace       used 56047K, capacity 56694K, committed 56920K, reserved 1099776K
  class space    used 6504K, capacity 6680K, committed 6784K, reserved 1048576K
}
Event: 104,388 GC heap before
{Heap before GC invocations=21 (full 2):
 PSYoungGen      total 919040K, used 248872K [0x000000076d000000, 0x00000007a6280000, 0x00000007c0000000)
  eden space 907776K, 26% used [0x000000076d000000,0x000000077bb50f88,0x00000007a4680000)
  from space 11264K, 70% used [0x00000007a5780000,0x00000007a5f39200,0x00000007a6280000)
  to   space 14336K, 0% used [0x00000007a4680000,0x00000007a4680000,0x00000007a5480000)
 ParOldGen       total 151040K, used 29653K [0x00000006c7000000, 0x00000006d0380000, 0x000000076d000000)
  object space 151040K, 19% used [0x00000006c7000000,0x00000006c8cf5620,0x00000006d0380000)
 Metaspace       used 57979K, capacity 58902K, committed 59028K, reserved 1101824K
  class space    used 6670K, capacity 6888K, committed 6912K, reserved 1048576K
Event: 104,411 GC heap after
Heap after GC invocations=21 (full 2):
 PSYoungGen      total 922112K, used 8326K [0x000000076d000000, 0x00000007af400000, 0x00000007c0000000)
  eden space 907776K, 0% used [0x000000076d000000,0x000000076d000000,0x00000007a4680000)
  from space 14336K, 58% used [0x00000007a4680000,0x00000007a4ea1b60,0x00000007a5480000)
  to   space 13824K, 0% used [0x00000007ae680000,0x00000007ae680000,0x00000007af400000)
 ParOldGen       total 151040K, used 29661K [0x00000006c7000000, 0x00000006d0380000, 0x000000076d000000)
  object space 151040K, 19% used [0x00000006c7000000,0x00000006c8cf7620,0x00000006d0380000)
 Metaspace       used 57979K, capacity 58902K, committed 59028K, reserved 1101824K
  class space    used 6670K, capacity 6888K, committed 6912K, reserved 1048576K
}
Event: 104,411 GC heap before
{Heap before GC invocations=22 (full 3):
 PSYoungGen      total 922112K, used 8326K [0x000000076d000000, 0x00000007af400000, 0x00000007c0000000)
  eden space 907776K, 0% used [0x000000076d000000,0x000000076d000000,0x00000007a4680000)
  from space 14336K, 58% used [0x00000007a4680000,0x00000007a4ea1b60,0x00000007a5480000)
  to   space 13824K, 0% used [0x00000007ae680000,0x00000007ae680000,0x00000007af400000)
 ParOldGen       total 151040K, used 29661K [0x00000006c7000000, 0x00000006d0380000, 0x000000076d000000)
  object space 151040K, 19% used [0x00000006c7000000,0x00000006c8cf7620,0x00000006d0380000)
 Metaspace       used 57979K, capacity 58902K, committed 59028K, reserved 1101824K
  class space    used 6670K, capacity 6888K, committed 6912K, reserved 1048576K
Event: 104,720 GC heap after
Heap after GC invocations=22 (full 3):
 PSYoungGen      total 922112K, used 0K [0x000000076d000000, 0x00000007af400000, 0x00000007c0000000)
  eden space 907776K, 0% used [0x000000076d000000,0x000000076d000000,0x00000007a4680000)
  from space 14336K, 0% used [0x00000007a4680000,0x00000007a4680000,0x00000007a5480000)
  to   space 13824K, 0% used [0x00000007ae680000,0x00000007ae680000,0x00000007af400000)
 ParOldGen       total 204288K, used 29679K [0x00000006c7000000, 0x00000006d3780000, 0x000000076d000000)
  object space 204288K, 14% used [0x00000006c7000000,0x00000006c8cfbd50,0x00000006d3780000)
 Metaspace       used 57979K, capacity 58902K, committed 59028K, reserved 1101824K
  class space    used 6670K, capacity 6888K, committed 6912K, reserved 1048576K
}
Event: 146,434 GC heap before
{Heap before GC invocations=23 (full 3):
 PSYoungGen      total 922112K, used 907776K [0x000000076d000000, 0x00000007af400000, 0x00000007c0000000)
  eden space 907776K, 100% used [0x000000076d000000,0x00000007a4680000,0x00000007a4680000)
  from space 14336K, 0% used [0x00000007a4680000,0x00000007a4680000,0x00000007a5480000)
  to   space 13824K, 0% used [0x00000007ae680000,0x00000007ae680000,0x00000007af400000)
 ParOldGen       total 204288K, used 29679K [0x00000006c7000000, 0x00000006d3780000, 0x000000076d000000)
  object space 204288K, 14% used [0x00000006c7000000,0x00000006c8cfbd50,0x00000006d3780000)
 Metaspace       used 62356K, capacity 63332K, committed 63576K, reserved 1105920K
  class space    used 7305K, capacity 7539K, committed 7552K, reserved 1048576K
Event: 146,456 GC heap after
Heap after GC invocations=23 (full 3):
 PSYoungGen      total 1070592K, used 7899K [0x000000076d000000, 0x00000007af300000, 0x00000007c0000000)
  eden space 1057792K, 0% used [0x000000076d000000,0x000000076d000000,0x00000007ad900000)
  from space 12800K, 61% used [0x00000007ae680000,0x00000007aee36eb8,0x00000007af300000)
  to   space 13312K, 0% used [0x00000007ad900000,0x00000007ad900000,0x00000007ae600000)
 ParOldGen       total 204288K, used 29687K [0x00000006c7000000, 0x00000006d3780000, 0x000000076d000000)
  object space 204288K, 14% used [0x00000006c7000000,0x00000006c8cfdd50,0x00000006d3780000)
 Metaspace       used 62356K, capacity 63332K, committed 63576K, reserved 1105920K
  class space    used 7305K, capacity 7539K, committed 7552K, reserved 1048576K
}

